<?xml version="1.0" encoding="UTF-8"?>
<!-- Generated by org.testng.reporters.JUnitReportReporter -->
<testsuite skipped="0" hostname="Ravi.local" name="com.ravi.loginTest.HomeTest" tests="1" failures="0" timestamp="25 Jul 2020 18:08:52 GMT" time="0.003" errors="0">
  <testcase name="navigateToTask" time="0.003" classname="com.ravi.loginTest.HomeTest"/>
</testsuite> <!-- com.ravi.loginTest.HomeTest -->
