<?xml version="1.0" encoding="UTF-8"?>
<!-- Generated by org.testng.reporters.JUnitReportReporter -->
<testsuite name="com.qa.API_userprofile.loginApi" tests="1" time="4.057" ignored="0" failures="0" timestamp="21 Jul 2020 18:23:59 GMT" skipped="0" hostname="Ravi.local" errors="0">
  <testcase name="Login" time="4.057" classname="com.qa.API_userprofile.loginApi"/>
</testsuite> <!-- com.qa.API_userprofile.loginApi -->
