<?xml version="1.0" encoding="UTF-8"?>
<!-- Generated by org.testng.reporters.JUnitReportReporter -->
<testsuite skipped="0" hostname="Ravi.local" name="com.ravi.loginTest.AppLaunch" tests="1" failures="0" timestamp="20 Aug 2020 05:51:44 GMT" time="0.689" errors="0">
  <testcase name="lauchMobileApp" time="0.689" classname="com.ravi.loginTest.AppLaunch"/>
</testsuite> <!-- com.ravi.loginTest.AppLaunch -->
