<?xml version="1.0" encoding="UTF-8"?>
<!-- Generated by org.testng.reporters.JUnitReportReporter -->
<testsuite skipped="0" hostname="Ravi.local" name="com.ravi.loginTest.LoginTest" tests="1" failures="0" timestamp="25 Jul 2020 18:08:52 GMT" time="0.029" errors="0">
  <testcase name="logintoAccount" time="0.029" classname="com.ravi.loginTest.LoginTest"/>
</testsuite> <!-- com.ravi.loginTest.LoginTest -->
